<?xml version="1.0" encoding="UTF-8"?>
<testng-results skipped="0" failed="0" ignored="0" total="1" passed="1">
  <reporter-output>
  </reporter-output>
  <suite name="Default suite" duration-ms="71" started-at="2019-12-04T20:22:20Z" finished-at="2019-12-04T20:22:20Z">
    <groups>
    </groups>
    <test name="Default test" duration-ms="71" started-at="2019-12-04T20:22:20Z" finished-at="2019-12-04T20:22:20Z">
      <class name="AppTest">
        <test-method status="PASS" signature="testApp()[pri:0, instance:AppTest@215be6bb]" name="testApp" duration-ms="20" started-at="2019-12-04T20:22:20Z" finished-at="2019-12-04T20:22:20Z">
          <reporter-output>
          </reporter-output>
        </test-method> <!-- testApp -->
      </class> <!-- AppTest -->
    </test> <!-- Default test -->
  </suite> <!-- Default suite -->
</testng-results>
