<?xml version="1.0" encoding="UTF-8"?>
<testng-results skipped="0" failed="0" ignored="0" total="2" passed="2">
  <reporter-output>
  </reporter-output>
  <suite name="Command line suite" duration-ms="1310" started-at="2019-12-04T23:07:49Z" finished-at="2019-12-04T23:07:50Z">
    <groups>
    </groups>
    <test name="Command line test" duration-ms="1310" started-at="2019-12-04T23:07:49Z" finished-at="2019-12-04T23:07:50Z">
      <class name="ExtentReportTest">
        <test-method status="PASS" signature="testApp()[pri:0, instance:ExtentReportTest@6bdf28bb]" name="testApp" duration-ms="1259" started-at="2019-12-04T23:07:49Z" finished-at="2019-12-04T23:07:50Z">
          <reporter-output>
          </reporter-output>
        </test-method> <!-- testApp -->
      </class> <!-- ExtentReportTest -->
      <class name="AppTest">
        <test-method status="PASS" signature="testApp()[pri:0, instance:AppTest@1b0375b3]" name="testApp" duration-ms="11" started-at="2019-12-04T23:07:49Z" finished-at="2019-12-04T23:07:49Z">
          <reporter-output>
          </reporter-output>
        </test-method> <!-- testApp -->
      </class> <!-- AppTest -->
    </test> <!-- Command line test -->
  </suite> <!-- Command line suite -->
</testng-results>
